<?xml version="1.0" encoding="UTF-8"?>
<coverage generated="1771406136269" clover="3.2.0">
  <project timestamp="1771406136269" name="All files">
    <metrics statements="87" coveredstatements="80" conditionals="54" coveredconditionals="42" methods="34" coveredmethods="32" elements="175" coveredelements="154" complexity="0" loc="87" ncloc="87" packages="3" files="4" classes="4"/>
    <package name="components">
      <metrics statements="12" coveredstatements="11" conditionals="9" coveredconditionals="8" methods="6" coveredmethods="5"/>
      <file name="ErrorBoundary.tsx" path="/home/theo/habit-fairy-mobile/components/ErrorBoundary.tsx">
        <metrics statements="12" coveredstatements="11" conditionals="9" coveredconditionals="8" methods="6" coveredmethods="5"/>
        <line num="22" count="6" type="stmt"/>
        <line num="23" count="5" type="stmt"/>
        <line num="27" count="4" type="stmt"/>
        <line num="33" count="2" type="stmt"/>
        <line num="35" count="2" type="stmt"/>
        <line num="39" count="5" type="stmt"/>
        <line num="40" count="0" type="stmt"/>
        <line num="44" count="9" type="cond" truecount="2" falsecount="0"/>
        <line num="45" count="4" type="stmt"/>
        <line num="61" count="4" type="stmt"/>
        <line num="72" count="5" type="stmt"/>
        <line num="76" count="1" type="stmt"/>
      </file>
    </package>
    <package name="lib">
      <metrics statements="65" coveredstatements="59" conditionals="43" coveredconditionals="32" methods="22" coveredmethods="21"/>
      <file name="missions.ts" path="/home/theo/habit-fairy-mobile/lib/missions.ts">
        <metrics statements="50" coveredstatements="46" conditionals="39" coveredconditionals="28" methods="19" coveredmethods="18"/>
        <line num="11" count="1" type="stmt"/>
        <line num="155" count="1" type="stmt"/>
        <line num="164" count="1" type="stmt"/>
        <line num="168" count="12" type="stmt"/>
        <line num="170" count="12" type="cond" truecount="1" falsecount="1"/>
        <line num="175" count="4" type="cond" truecount="1" falsecount="1"/>
        <line num="176" count="4" type="stmt"/>
        <line num="181" count="5" type="stmt"/>
        <line num="182" count="5" type="cond" truecount="3" falsecount="1"/>
        <line num="187" count="2" type="cond" truecount="3" falsecount="1"/>
        <line num="188" count="2" type="stmt"/>
        <line num="195" count="2" type="stmt"/>
        <line num="196" count="2" type="stmt"/>
        <line num="202" count="2" type="stmt"/>
        <line num="203" count="2" type="stmt"/>
        <line num="204" count="2" type="stmt"/>
        <line num="209" count="2" type="stmt"/>
        <line num="210" count="2" type="stmt"/>
        <line num="211" count="2" type="cond" truecount="2" falsecount="0"/>
        <line num="212" count="1" type="stmt"/>
        <line num="213" count="1" type="stmt"/>
        <line num="218" count="2" type="stmt"/>
        <line num="219" count="2" type="stmt"/>
        <line num="224" count="2" type="stmt"/>
        <line num="225" count="20" type="stmt"/>
        <line num="226" count="20" type="cond" truecount="2" falsecount="0"/>
        <line num="228" count="2" type="stmt"/>
        <line num="230" count="2" type="stmt"/>
        <line num="231" count="20" type="stmt"/>
        <line num="232" count="18" type="cond" truecount="2" falsecount="2"/>
        <line num="234" count="0" type="stmt"/>
        <line num="235" count="0" type="stmt"/>
        <line num="241" count="1" type="stmt"/>
        <line num="242" count="1" type="stmt"/>
        <line num="247" count="1" type="stmt"/>
        <line num="248" count="10" type="stmt"/>
        <line num="249" count="10" type="cond" truecount="1" falsecount="1"/>
        <line num="251" count="1" type="stmt"/>
        <line num="252" count="9" type="cond" truecount="2" falsecount="2"/>
        <line num="254" count="0" type="stmt"/>
        <line num="255" count="0" type="stmt"/>
        <line num="261" count="5" type="cond" truecount="2" falsecount="0"/>
        <line num="262" count="3" type="cond" truecount="1" falsecount="1"/>
        <line num="264" count="21" type="cond" truecount="2" falsecount="0"/>
        <line num="271" count="3" type="stmt"/>
        <line num="278" count="3" type="cond" truecount="2" falsecount="0"/>
        <line num="279" count="3" type="stmt"/>
        <line num="280" count="10" type="cond" truecount="3" falsecount="1"/>
        <line num="281" count="10" type="stmt"/>
        <line num="284" count="3" type="stmt"/>
      </file>
      <file name="storage.ts" path="/home/theo/habit-fairy-mobile/lib/storage.ts">
        <metrics statements="15" coveredstatements="13" conditionals="4" coveredconditionals="4" methods="3" coveredmethods="3"/>
        <line num="8" count="2" type="stmt"/>
        <line num="10" count="2" type="stmt"/>
        <line num="13" count="22" type="stmt"/>
        <line num="14" count="22" type="stmt"/>
        <line num="15" count="22" type="cond" truecount="2" falsecount="0"/>
        <line num="16" count="11" type="stmt"/>
        <line num="18" count="10" type="cond" truecount="2" falsecount="0"/>
        <line num="20" count="1" type="stmt"/>
        <line num="21" count="1" type="stmt"/>
        <line num="27" count="9" type="stmt"/>
        <line num="28" count="9" type="stmt"/>
        <line num="30" count="0" type="stmt"/>
        <line num="36" count="2" type="stmt"/>
        <line num="37" count="2" type="stmt"/>
        <line num="39" count="0" type="stmt"/>
      </file>
    </package>
    <package name="utils">
      <metrics statements="10" coveredstatements="10" conditionals="2" coveredconditionals="2" methods="6" coveredmethods="6"/>
      <file name="petFactory.ts" path="/home/theo/habit-fairy-mobile/utils/petFactory.ts">
        <metrics statements="10" coveredstatements="10" conditionals="2" coveredconditionals="2" methods="6" coveredmethods="6"/>
        <line num="12" count="1" type="stmt"/>
        <line num="120" count="3" type="stmt"/>
        <line num="125" count="2" type="stmt"/>
        <line num="130" count="1" type="stmt"/>
        <line num="135" count="2" type="stmt"/>
        <line num="136" count="2" type="stmt"/>
        <line num="141" count="4" type="cond" truecount="2" falsecount="0"/>
        <line num="142" count="3" type="stmt"/>
        <line num="143" count="3" type="stmt"/>
        <line num="148" count="1" type="stmt"/>
      </file>
    </package>
  </project>
</coverage>
