{"/home/theo/habit-fairy-mobile/components/ErrorBoundary.tsx": {"path":"/home/theo/habit-fairy-mobile/components/ErrorBoundary.tsx","statementMap":{"0":{"start":{"line":23,"column":4},"end":{"line":23,"column":17}},"1":{"start":{"line":24,"column":4},"end":{"line":24,"column":50}},"2":{"start":{"line":28,"column":4},"end":{"line":28,"column":37}},"3":{"start":{"line":34,"column":4},"end":{"line":34,"column":62}},"4":{"start":{"line":36,"column":4},"end":{"line":36,"column":70}},"5":{"start":{"line":40,"column":16},"end":{"line":42,"column":3}},"6":{"start":{"line":41,"column":4},"end":{"line":41,"column":52}},"7":{"start":{"line":45,"column":4},"end":{"line":71,"column":5}},"8":{"start":{"line":46,"column":6},"end":{"line":70,"column":8}},"9":{"start":{"line":62,"column":36},"end":{"line":65,"column":13}},"10":{"start":{"line":73,"column":4},"end":{"line":73,"column":31}},"11":{"start":{"line":77,"column":15},"end":{"line":134,"column":2}}},"fnMap":{"0":{"name":"(anonymous_0)","decl":{"start":{"line":22,"column":2},"end":{"line":22,"column":3}},"loc":{"start":{"line":22,"column":41},"end":{"line":25,"column":3}},"line":22},"1":{"name":"(anonymous_1)","decl":{"start":{"line":27,"column":2},"end":{"line":27,"column":3}},"loc":{"start":{"line":27,"column":68},"end":{"line":29,"column":3}},"line":27},"2":{"name":"(anonymous_2)","decl":{"start":{"line":31,"column":2},"end":{"line":31,"column":3}},"loc":{"start":{"line":31,"column":68},"end":{"line":37,"column":3}},"line":31},"3":{"name":"(anonymous_3)","decl":{"start":{"line":40,"column":16},"end":{"line":40,"column":17}},"loc":{"start":{"line":40,"column":22},"end":{"line":42,"column":3}},"line":40},"4":{"name":"(anonymous_4)","decl":{"start":{"line":44,"column":2},"end":{"line":44,"column":3}},"loc":{"start":{"line":44,"column":11},"end":{"line":74,"column":3}},"line":44},"5":{"name":"(anonymous_5)","decl":{"start":{"line":62,"column":19},"end":{"line":62,"column":20}},"loc":{"start":{"line":62,"column":36},"end":{"line":65,"column":13}},"line":62}},"branchMap":{"0":{"loc":{"start":{"line":45,"column":4},"end":{"line":71,"column":5}},"type":"if","locations":[{"start":{"line":45,"column":4},"end":{"line":71,"column":5}},{"start":{},"end":{}}],"line":45},"1":{"loc":{"start":{"line":51,"column":13},"end":{"line":51,"column":70}},"type":"binary-expr","locations":[{"start":{"line":51,"column":13},"end":{"line":51,"column":39}},{"start":{"line":51,"column":43},"end":{"line":51,"column":70}}],"line":51},"2":{"loc":{"start":{"line":53,"column":11},"end":{"line":59,"column":11}},"type":"binary-expr","locations":[{"start":{"line":53,"column":11},"end":{"line":53,"column":18}},{"start":{"line":53,"column":22},"end":{"line":53,"column":38}},{"start":{"line":54,"column":12},"end":{"line":58,"column":19}}],"line":53},"3":{"loc":{"start":{"line":64,"column":14},"end":{"line":64,"column":50}},"type":"binary-expr","locations":[{"start":{"line":64,"column":14},"end":{"line":64,"column":21}},{"start":{"line":64,"column":25},"end":{"line":64,"column":50}}],"line":64}},"s":{"0":6,"1":5,"2":4,"3":2,"4":2,"5":5,"6":0,"7":9,"8":4,"9":4,"10":5,"11":1},"f":{"0":6,"1":4,"2":2,"3":0,"4":9,"5":4},"b":{"0":[4,5],"1":[4,2],"2":[4,4,4],"3":[4,0]},"_coverageSchema":"1a1c01bbd47fc00a2c39e90264f33305004495a9","hash":"946514ac339cd2d22abe9a3787ab73ae0e91fbf1"}
,"/home/theo/habit-fairy-mobile/lib/missions.ts": {"path":"/home/theo/habit-fairy-mobile/lib/missions.ts","statementMap":{"0":{"start":{"line":11,"column":42},"end":{"line":152,"column":1}},"1":{"start":{"line":155,"column":64},"end":{"line":161,"column":1}},"2":{"start":{"line":164,"column":49},"end":{"line":164,"column":101}},"3":{"start":{"line":168,"column":17},"end":{"line":168,"column":67}},"4":{"start":{"line":170,"column":2},"end":{"line":170,"column":45}},"5":{"start":{"line":175,"column":23},"end":{"line":175,"column":62}},"6":{"start":{"line":176,"column":2},"end":{"line":176,"column":52}},"7":{"start":{"line":181,"column":17},"end":{"line":181,"column":91}},"8":{"start":{"line":182,"column":2},"end":{"line":182,"column":60}},"9":{"start":{"line":187,"column":24},"end":{"line":187,"column":83}},"10":{"start":{"line":188,"column":2},"end":{"line":188,"column":54}},"11":{"start":{"line":195,"column":18},"end":{"line":195,"column":43}},"12":{"start":{"line":196,"column":30},"end":{"line":201,"column":3}},"13":{"start":{"line":202,"column":2},"end":{"line":202,"column":27}},"14":{"start":{"line":203,"column":2},"end":{"line":203,"column":36}},"15":{"start":{"line":204,"column":2},"end":{"line":204,"column":20}},"16":{"start":{"line":209,"column":18},"end":{"line":209,"column":43}},"17":{"start":{"line":210,"column":19},"end":{"line":210,"column":53}},"18":{"start":{"line":210,"column":41},"end":{"line":210,"column":52}},"19":{"start":{"line":211,"column":2},"end":{"line":211,"column":55}},"20":{"start":{"line":211,"column":42},"end":{"line":211,"column":55}},"21":{"start":{"line":212,"column":2},"end":{"line":212,"column":37}},"22":{"start":{"line":213,"column":2},"end":{"line":213,"column":14}},"23":{"start":{"line":218,"column":2},"end":{"line":236,"column":3}},"24":{"start":{"line":219,"column":33},"end":{"line":222,"column":6}},"25":{"start":{"line":224,"column":20},"end":{"line":227,"column":6}},"26":{"start":{"line":225,"column":23},"end":{"line":225,"column":38}},"27":{"start":{"line":226,"column":6},"end":{"line":226,"column":76}},"28":{"start":{"line":228,"column":16},"end":{"line":228,"column":40}},"29":{"start":{"line":230,"column":4},"end":{"line":232,"column":63}},"30":{"start":{"line":231,"column":21},"end":{"line":231,"column":32}},"31":{"start":{"line":232,"column":22},"end":{"line":232,"column":61}},"32":{"start":{"line":234,"column":4},"end":{"line":234,"column":56}},"33":{"start":{"line":235,"column":4},"end":{"line":235,"column":54}},"34":{"start":{"line":235,"column":41},"end":{"line":235,"column":52}},"35":{"start":{"line":241,"column":2},"end":{"line":256,"column":3}},"36":{"start":{"line":242,"column":33},"end":{"line":245,"column":6}},"37":{"start":{"line":247,"column":20},"end":{"line":250,"column":6}},"38":{"start":{"line":248,"column":23},"end":{"line":248,"column":38}},"39":{"start":{"line":249,"column":6},"end":{"line":249,"column":76}},"40":{"start":{"line":251,"column":16},"end":{"line":251,"column":40}},"41":{"start":{"line":252,"column":4},"end":{"line":252,"column":71}},"42":{"start":{"line":252,"column":30},"end":{"line":252,"column":69}},"43":{"start":{"line":254,"column":4},"end":{"line":254,"column":73}},"44":{"start":{"line":255,"column":4},"end":{"line":255,"column":32}},"45":{"start":{"line":261,"column":2},"end":{"line":261,"column":28}},"46":{"start":{"line":261,"column":11},"end":{"line":261,"column":28}},"47":{"start":{"line":262,"column":22},"end":{"line":262,"column":73}},"48":{"start":{"line":264,"column":2},"end":{"line":264,"column":90}},"49":{"start":{"line":264,"column":37},"end":{"line":264,"column":48}},"50":{"start":{"line":264,"column":77},"end":{"line":264,"column":88}},"51":{"start":{"line":271,"column":53},"end":{"line":277,"column":3}},"52":{"start":{"line":278,"column":23},"end":{"line":278,"column":62}},"53":{"start":{"line":279,"column":2},"end":{"line":283,"column":3}},"54":{"start":{"line":280,"column":4},"end":{"line":282,"column":5}},"55":{"start":{"line":281,"column":6},"end":{"line":281,"column":33}},"56":{"start":{"line":284,"column":2},"end":{"line":284,"column":16}}},"fnMap":{"0":{"name":"getCustomMissions","decl":{"start":{"line":167,"column":22},"end":{"line":167,"column":39}},"loc":{"start":{"line":167,"column":62},"end":{"line":171,"column":1}},"line":167},"1":{"name":"saveCustomMissions","decl":{"start":{"line":174,"column":22},"end":{"line":174,"column":40}},"loc":{"start":{"line":174,"column":77},"end":{"line":177,"column":1}},"line":174},"2":{"name":"getPresetOverrides","decl":{"start":{"line":180,"column":22},"end":{"line":180,"column":40}},"loc":{"start":{"line":180,"column":86},"end":{"line":183,"column":1}},"line":180},"3":{"name":"savePresetOverrides","decl":{"start":{"line":186,"column":22},"end":{"line":186,"column":41}},"loc":{"start":{"line":186,"column":102},"end":{"line":189,"column":1}},"line":186},"4":{"name":"addCustomMission","decl":{"start":{"line":192,"column":22},"end":{"line":192,"column":38}},"loc":{"start":{"line":194,"column":20},"end":{"line":205,"column":1}},"line":194},"5":{"name":"deleteCustomMission","decl":{"start":{"line":208,"column":22},"end":{"line":208,"column":41}},"loc":{"start":{"line":208,"column":72},"end":{"line":214,"column":1}},"line":208},"6":{"name":"(anonymous_6)","decl":{"start":{"line":210,"column":34},"end":{"line":210,"column":35}},"loc":{"start":{"line":210,"column":41},"end":{"line":210,"column":52}},"line":210},"7":{"name":"getAllMissions","decl":{"start":{"line":217,"column":22},"end":{"line":217,"column":36}},"loc":{"start":{"line":217,"column":59},"end":{"line":237,"column":1}},"line":217},"8":{"name":"(anonymous_8)","decl":{"start":{"line":224,"column":40},"end":{"line":224,"column":41}},"loc":{"start":{"line":224,"column":47},"end":{"line":227,"column":5}},"line":224},"9":{"name":"(anonymous_9)","decl":{"start":{"line":231,"column":14},"end":{"line":231,"column":15}},"loc":{"start":{"line":231,"column":21},"end":{"line":231,"column":32}},"line":231},"10":{"name":"(anonymous_10)","decl":{"start":{"line":232,"column":12},"end":{"line":232,"column":13}},"loc":{"start":{"line":232,"column":22},"end":{"line":232,"column":61}},"line":232},"11":{"name":"(anonymous_11)","decl":{"start":{"line":235,"column":34},"end":{"line":235,"column":35}},"loc":{"start":{"line":235,"column":41},"end":{"line":235,"column":52}},"line":235},"12":{"name":"getAllMissionsIncludingInactive","decl":{"start":{"line":240,"column":22},"end":{"line":240,"column":53}},"loc":{"start":{"line":240,"column":76},"end":{"line":257,"column":1}},"line":240},"13":{"name":"(anonymous_13)","decl":{"start":{"line":247,"column":40},"end":{"line":247,"column":41}},"loc":{"start":{"line":247,"column":47},"end":{"line":250,"column":5}},"line":247},"14":{"name":"(anonymous_14)","decl":{"start":{"line":252,"column":20},"end":{"line":252,"column":21}},"loc":{"start":{"line":252,"column":30},"end":{"line":252,"column":69}},"line":252},"15":{"name":"getMissionById","decl":{"start":{"line":260,"column":16},"end":{"line":260,"column":30}},"loc":{"start":{"line":260,"column":115},"end":{"line":265,"column":1}},"line":260},"16":{"name":"(anonymous_16)","decl":{"start":{"line":264,"column":30},"end":{"line":264,"column":31}},"loc":{"start":{"line":264,"column":37},"end":{"line":264,"column":48}},"line":264},"17":{"name":"(anonymous_17)","decl":{"start":{"line":264,"column":70},"end":{"line":264,"column":71}},"loc":{"start":{"line":264,"column":77},"end":{"line":264,"column":88}},"line":264},"18":{"name":"groupMissionsByCategory","decl":{"start":{"line":268,"column":16},"end":{"line":268,"column":39}},"loc":{"start":{"line":270,"column":38},"end":{"line":285,"column":1}},"line":270}},"branchMap":{"0":{"loc":{"start":{"line":170,"column":9},"end":{"line":170,"column":44}},"type":"cond-expr","locations":[{"start":{"line":170,"column":33},"end":{"line":170,"column":39}},{"start":{"line":170,"column":42},"end":{"line":170,"column":44}}],"line":170},"1":{"loc":{"start":{"line":175,"column":23},"end":{"line":175,"column":62}},"type":"cond-expr","locations":[{"start":{"line":175,"column":49},"end":{"line":175,"column":57}},{"start":{"line":175,"column":60},"end":{"line":175,"column":62}}],"line":175},"2":{"loc":{"start":{"line":182,"column":9},"end":{"line":182,"column":59}},"type":"cond-expr","locations":[{"start":{"line":182,"column":48},"end":{"line":182,"column":54}},{"start":{"line":182,"column":57},"end":{"line":182,"column":59}}],"line":182},"3":{"loc":{"start":{"line":182,"column":9},"end":{"line":182,"column":45}},"type":"binary-expr","locations":[{"start":{"line":182,"column":9},"end":{"line":182,"column":15}},{"start":{"line":182,"column":19},"end":{"line":182,"column":45}}],"line":182},"4":{"loc":{"start":{"line":187,"column":24},"end":{"line":187,"column":83}},"type":"cond-expr","locations":[{"start":{"line":187,"column":69},"end":{"line":187,"column":78}},{"start":{"line":187,"column":81},"end":{"line":187,"column":83}}],"line":187},"5":{"loc":{"start":{"line":187,"column":24},"end":{"line":187,"column":66}},"type":"binary-expr","locations":[{"start":{"line":187,"column":24},"end":{"line":187,"column":33}},{"start":{"line":187,"column":37},"end":{"line":187,"column":66}}],"line":187},"6":{"loc":{"start":{"line":211,"column":2},"end":{"line":211,"column":55}},"type":"if","locations":[{"start":{"line":211,"column":2},"end":{"line":211,"column":55}},{"start":{},"end":{}}],"line":211},"7":{"loc":{"start":{"line":226,"column":13},"end":{"line":226,"column":75}},"type":"cond-expr","locations":[{"start":{"line":226,"column":24},"end":{"line":226,"column":71}},{"start":{"line":226,"column":74},"end":{"line":226,"column":75}}],"line":226},"8":{"loc":{"start":{"line":232,"column":23},"end":{"line":232,"column":39}},"type":"binary-expr","locations":[{"start":{"line":232,"column":23},"end":{"line":232,"column":34}},{"start":{"line":232,"column":38},"end":{"line":232,"column":39}}],"line":232},"9":{"loc":{"start":{"line":232,"column":44},"end":{"line":232,"column":60}},"type":"binary-expr","locations":[{"start":{"line":232,"column":44},"end":{"line":232,"column":55}},{"start":{"line":232,"column":59},"end":{"line":232,"column":60}}],"line":232},"10":{"loc":{"start":{"line":249,"column":13},"end":{"line":249,"column":75}},"type":"cond-expr","locations":[{"start":{"line":249,"column":24},"end":{"line":249,"column":71}},{"start":{"line":249,"column":74},"end":{"line":249,"column":75}}],"line":249},"11":{"loc":{"start":{"line":252,"column":31},"end":{"line":252,"column":47}},"type":"binary-expr","locations":[{"start":{"line":252,"column":31},"end":{"line":252,"column":42}},{"start":{"line":252,"column":46},"end":{"line":252,"column":47}}],"line":252},"12":{"loc":{"start":{"line":252,"column":52},"end":{"line":252,"column":68}},"type":"binary-expr","locations":[{"start":{"line":252,"column":52},"end":{"line":252,"column":63}},{"start":{"line":252,"column":67},"end":{"line":252,"column":68}}],"line":252},"13":{"loc":{"start":{"line":260,"column":62},"end":{"line":260,"column":92}},"type":"default-arg","locations":[{"start":{"line":260,"column":90},"end":{"line":260,"column":92}}],"line":260},"14":{"loc":{"start":{"line":261,"column":2},"end":{"line":261,"column":28}},"type":"if","locations":[{"start":{"line":261,"column":2},"end":{"line":261,"column":28}},{"start":{},"end":{}}],"line":261},"15":{"loc":{"start":{"line":262,"column":22},"end":{"line":262,"column":73}},"type":"cond-expr","locations":[{"start":{"line":262,"column":54},"end":{"line":262,"column":68}},{"start":{"line":262,"column":71},"end":{"line":262,"column":73}}],"line":262},"16":{"loc":{"start":{"line":264,"column":9},"end":{"line":264,"column":89}},"type":"binary-expr","locations":[{"start":{"line":264,"column":9},"end":{"line":264,"column":49}},{"start":{"line":264,"column":53},"end":{"line":264,"column":89}}],"line":264},"17":{"loc":{"start":{"line":278,"column":23},"end":{"line":278,"column":62}},"type":"cond-expr","locations":[{"start":{"line":278,"column":49},"end":{"line":278,"column":57}},{"start":{"line":278,"column":60},"end":{"line":278,"column":62}}],"line":278},"18":{"loc":{"start":{"line":280,"column":4},"end":{"line":282,"column":5}},"type":"if","locations":[{"start":{"line":280,"column":4},"end":{"line":282,"column":5}},{"start":{},"end":{}}],"line":280},"19":{"loc":{"start":{"line":280,"column":8},"end":{"line":280,"column":41}},"type":"binary-expr","locations":[{"start":{"line":280,"column":8},"end":{"line":280,"column":19}},{"start":{"line":280,"column":23},"end":{"line":280,"column":41}}],"line":280}},"s":{"0":1,"1":1,"2":1,"3":12,"4":12,"5":4,"6":4,"7":5,"8":5,"9":2,"10":2,"11":2,"12":2,"13":2,"14":2,"15":2,"16":2,"17":2,"18":1,"19":2,"20":1,"21":1,"22":1,"23":2,"24":2,"25":2,"26":20,"27":20,"28":2,"29":2,"30":20,"31":18,"32":0,"33":0,"34":0,"35":1,"36":1,"37":1,"38":10,"39":10,"40":1,"41":1,"42":9,"43":0,"44":0,"45":5,"46":2,"47":3,"48":3,"49":21,"50":1,"51":3,"52":3,"53":3,"54":10,"55":10,"56":3},"f":{"0":12,"1":4,"2":5,"3":2,"4":2,"5":2,"6":1,"7":2,"8":20,"9":20,"10":18,"11":0,"12":1,"13":10,"14":9,"15":5,"16":21,"17":1,"18":3},"b":{"0":[12,0],"1":[4,0],"2":[5,0],"3":[5,5],"4":[2,0],"5":[2,2],"6":[1,1],"7":[1,19],"8":[18,0],"9":[18,0],"10":[0,10],"11":[9,0],"12":[9,0],"13":[4],"14":[2,3],"15":[3,0],"16":[3,2],"17":[2,1],"18":[10,0],"19":[10,10]},"_coverageSchema":"1a1c01bbd47fc00a2c39e90264f33305004495a9","hash":"b0b140d41b7779e7ff96d269dbd627c11009ddfc"}
,"/home/theo/habit-fairy-mobile/lib/storage.ts": {"path":"/home/theo/habit-fairy-mobile/lib/storage.ts","statementMap":{"0":{"start":{"line":8,"column":15},"end":{"line":8,"column":29}},"1":{"start":{"line":10,"column":23},"end":{"line":42,"column":1}},"2":{"start":{"line":13,"column":4},"end":{"line":22,"column":5}},"3":{"start":{"line":14,"column":18},"end":{"line":14,"column":63}},"4":{"start":{"line":15,"column":6},"end":{"line":15,"column":39}},"5":{"start":{"line":15,"column":23},"end":{"line":15,"column":39}},"6":{"start":{"line":16,"column":21},"end":{"line":16,"column":36}},"7":{"start":{"line":18,"column":6},"end":{"line":18,"column":32}},"8":{"start":{"line":20,"column":6},"end":{"line":20,"column":67}},"9":{"start":{"line":21,"column":6},"end":{"line":21,"column":22}},"10":{"start":{"line":27,"column":4},"end":{"line":31,"column":5}},"11":{"start":{"line":28,"column":6},"end":{"line":28,"column":75}},"12":{"start":{"line":30,"column":6},"end":{"line":30,"column":59}},"13":{"start":{"line":36,"column":4},"end":{"line":40,"column":5}},"14":{"start":{"line":37,"column":6},"end":{"line":37,"column":55}},"15":{"start":{"line":39,"column":6},"end":{"line":39,"column":59}}},"fnMap":{"0":{"name":"(anonymous_0)","decl":{"start":{"line":12,"column":2},"end":{"line":12,"column":3}},"loc":{"start":{"line":12,"column":53},"end":{"line":23,"column":3}},"line":12},"1":{"name":"(anonymous_1)","decl":{"start":{"line":26,"column":2},"end":{"line":26,"column":3}},"loc":{"start":{"line":26,"column":53},"end":{"line":32,"column":3}},"line":26},"2":{"name":"(anonymous_2)","decl":{"start":{"line":35,"column":2},"end":{"line":35,"column":3}},"loc":{"start":{"line":35,"column":43},"end":{"line":41,"column":3}},"line":35}},"branchMap":{"0":{"loc":{"start":{"line":15,"column":6},"end":{"line":15,"column":39}},"type":"if","locations":[{"start":{"line":15,"column":6},"end":{"line":15,"column":39}},{"start":{},"end":{}}],"line":15},"1":{"loc":{"start":{"line":18,"column":13},"end":{"line":18,"column":31}},"type":"binary-expr","locations":[{"start":{"line":18,"column":13},"end":{"line":18,"column":19}},{"start":{"line":18,"column":23},"end":{"line":18,"column":31}}],"line":18}},"s":{"0":2,"1":2,"2":22,"3":22,"4":22,"5":11,"6":11,"7":10,"8":1,"9":1,"10":9,"11":9,"12":0,"13":2,"14":2,"15":0},"f":{"0":22,"1":9,"2":2},"b":{"0":[11,11],"1":[10,1]},"_coverageSchema":"1a1c01bbd47fc00a2c39e90264f33305004495a9","hash":"35d375f86307d0d88e5390bfb1d44053037db659"}
,"/home/theo/habit-fairy-mobile/lib/i18n/index.ts": {"path":"/home/theo/habit-fairy-mobile/lib/i18n/index.ts","statementMap":{"0":{"start":{"line":9,"column":23},"end":{"line":9,"column":25}}},"fnMap":{},"branchMap":{},"s":{"0":2},"f":{},"b":{},"_coverageSchema":"1a1c01bbd47fc00a2c39e90264f33305004495a9","hash":"bc167dd253786a1a70819c57d73f592cdd7d4144"}
,"/home/theo/habit-fairy-mobile/lib/i18n/ko.ts": {"path":"/home/theo/habit-fairy-mobile/lib/i18n/ko.ts","statementMap":{"0":{"start":{"line":6,"column":11},"end":{"line":190,"column":10}},"1":{"start":{"line":71,"column":40},"end":{"line":71,"column":54}},"2":{"start":{"line":72,"column":38},"end":{"line":72,"column":67}},"3":{"start":{"line":102,"column":35},"end":{"line":102,"column":57}}},"fnMap":{"0":{"name":"(anonymous_0)","decl":{"start":{"line":71,"column":22},"end":{"line":71,"column":23}},"loc":{"start":{"line":71,"column":40},"end":{"line":71,"column":54}},"line":71},"1":{"name":"(anonymous_1)","decl":{"start":{"line":72,"column":15},"end":{"line":72,"column":16}},"loc":{"start":{"line":72,"column":38},"end":{"line":72,"column":67}},"line":72},"2":{"name":"(anonymous_2)","decl":{"start":{"line":102,"column":16},"end":{"line":102,"column":17}},"loc":{"start":{"line":102,"column":35},"end":{"line":102,"column":57}},"line":102}},"branchMap":{},"s":{"0":2,"1":1,"2":1,"3":1},"f":{"0":1,"1":1,"2":1},"b":{},"_coverageSchema":"1a1c01bbd47fc00a2c39e90264f33305004495a9","hash":"32daae3eae282fd6e78d2620f01bc64a2ce975c4"}
,"/home/theo/habit-fairy-mobile/utils/petFactory.ts": {"path":"/home/theo/habit-fairy-mobile/utils/petFactory.ts","statementMap":{"0":{"start":{"line":12,"column":49},"end":{"line":112,"column":1}},"1":{"start":{"line":120,"column":4},"end":{"line":120,"column":30}},"2":{"start":{"line":125,"column":4},"end":{"line":125,"column":44}},"3":{"start":{"line":130,"column":4},"end":{"line":130,"column":50}},"4":{"start":{"line":135,"column":22},"end":{"line":135,"column":64}},"5":{"start":{"line":136,"column":4},"end":{"line":136,"column":67}},"6":{"start":{"line":141,"column":4},"end":{"line":141,"column":59}},"7":{"start":{"line":141,"column":46},"end":{"line":141,"column":59}},"8":{"start":{"line":142,"column":19},"end":{"line":142,"column":58}},"9":{"start":{"line":143,"column":4},"end":{"line":143,"column":32}},"10":{"start":{"line":148,"column":4},"end":{"line":148,"column":50}}},"fnMap":{"0":{"name":"(anonymous_0)","decl":{"start":{"line":119,"column":2},"end":{"line":119,"column":3}},"loc":{"start":{"line":119,"column":45},"end":{"line":121,"column":3}},"line":119},"1":{"name":"(anonymous_1)","decl":{"start":{"line":124,"column":2},"end":{"line":124,"column":3}},"loc":{"start":{"line":124,"column":69},"end":{"line":126,"column":3}},"line":124},"2":{"name":"(anonymous_2)","decl":{"start":{"line":129,"column":2},"end":{"line":129,"column":3}},"loc":{"start":{"line":129,"column":55},"end":{"line":131,"column":3}},"line":129},"3":{"name":"(anonymous_3)","decl":{"start":{"line":134,"column":2},"end":{"line":134,"column":3}},"loc":{"start":{"line":134,"column":67},"end":{"line":137,"column":3}},"line":134},"4":{"name":"(anonymous_4)","decl":{"start":{"line":140,"column":2},"end":{"line":140,"column":3}},"loc":{"start":{"line":140,"column":80},"end":{"line":144,"column":3}},"line":140},"5":{"name":"(anonymous_5)","decl":{"start":{"line":147,"column":2},"end":{"line":147,"column":3}},"loc":{"start":{"line":147,"column":34},"end":{"line":149,"column":3}},"line":147}},"branchMap":{"0":{"loc":{"start":{"line":141,"column":4},"end":{"line":141,"column":59}},"type":"if","locations":[{"start":{"line":141,"column":4},"end":{"line":141,"column":59}},{"start":{},"end":{}}],"line":141}},"s":{"0":1,"1":3,"2":2,"3":1,"4":2,"5":2,"6":4,"7":1,"8":3,"9":3,"10":1},"f":{"0":3,"1":2,"2":1,"3":2,"4":4,"5":1},"b":{"0":[1,3]},"_coverageSchema":"1a1c01bbd47fc00a2c39e90264f33305004495a9","hash":"aaf20e80634dad0b6779cfd5b291a86d55844f3e"}
}
