TN:
SF:components/ErrorBoundary.tsx
FN:22,(anonymous_0)
FN:27,(anonymous_1)
FN:31,(anonymous_2)
FN:40,(anonymous_3)
FN:44,(anonymous_4)
FN:62,(anonymous_5)
FNF:6
FNH:5
FNDA:6,(anonymous_0)
FNDA:4,(anonymous_1)
FNDA:2,(anonymous_2)
FNDA:0,(anonymous_3)
FNDA:9,(anonymous_4)
FNDA:4,(anonymous_5)
DA:23,6
DA:24,5
DA:28,4
DA:34,2
DA:36,2
DA:40,5
DA:41,0
DA:45,9
DA:46,4
DA:62,4
DA:73,5
DA:77,1
LF:12
LH:11
BRDA:45,0,0,4
BRDA:45,0,1,5
BRDA:51,1,0,4
BRDA:51,1,1,2
BRDA:53,2,0,4
BRDA:53,2,1,4
BRDA:53,2,2,4
BRDA:64,3,0,4
BRDA:64,3,1,0
BRF:9
BRH:8
end_of_record
TN:
SF:lib/missions.ts
FN:167,getCustomMissions
FN:174,saveCustomMissions
FN:180,getPresetOverrides
FN:186,savePresetOverrides
FN:192,addCustomMission
FN:208,deleteCustomMission
FN:210,(anonymous_6)
FN:217,getAllMissions
FN:224,(anonymous_8)
FN:231,(anonymous_9)
FN:232,(anonymous_10)
FN:235,(anonymous_11)
FN:240,getAllMissionsIncludingInactive
FN:247,(anonymous_13)
FN:252,(anonymous_14)
FN:260,getMissionById
FN:264,(anonymous_16)
FN:264,(anonymous_17)
FN:268,groupMissionsByCategory
FNF:19
FNH:18
FNDA:12,getCustomMissions
FNDA:4,saveCustomMissions
FNDA:5,getPresetOverrides
FNDA:2,savePresetOverrides
FNDA:2,addCustomMission
FNDA:2,deleteCustomMission
FNDA:1,(anonymous_6)
FNDA:2,getAllMissions
FNDA:20,(anonymous_8)
FNDA:20,(anonymous_9)
FNDA:18,(anonymous_10)
FNDA:0,(anonymous_11)
FNDA:1,getAllMissionsIncludingInactive
FNDA:10,(anonymous_13)
FNDA:9,(anonymous_14)
FNDA:5,getMissionById
FNDA:21,(anonymous_16)
FNDA:1,(anonymous_17)
FNDA:3,groupMissionsByCategory
DA:11,1
DA:155,1
DA:164,1
DA:168,12
DA:170,12
DA:175,4
DA:176,4
DA:181,5
DA:182,5
DA:187,2
DA:188,2
DA:195,2
DA:196,2
DA:202,2
DA:203,2
DA:204,2
DA:209,2
DA:210,2
DA:211,2
DA:212,1
DA:213,1
DA:218,2
DA:219,2
DA:224,2
DA:225,20
DA:226,20
DA:228,2
DA:230,2
DA:231,20
DA:232,18
DA:234,0
DA:235,0
DA:241,1
DA:242,1
DA:247,1
DA:248,10
DA:249,10
DA:251,1
DA:252,9
DA:254,0
DA:255,0
DA:261,5
DA:262,3
DA:264,21
DA:271,3
DA:278,3
DA:279,3
DA:280,10
DA:281,10
DA:284,3
LF:50
LH:46
BRDA:170,0,0,12
BRDA:170,0,1,0
BRDA:175,1,0,4
BRDA:175,1,1,0
BRDA:182,2,0,5
BRDA:182,2,1,0
BRDA:182,3,0,5
BRDA:182,3,1,5
BRDA:187,4,0,2
BRDA:187,4,1,0
BRDA:187,5,0,2
BRDA:187,5,1,2
BRDA:211,6,0,1
BRDA:211,6,1,1
BRDA:226,7,0,1
BRDA:226,7,1,19
BRDA:232,8,0,18
BRDA:232,8,1,0
BRDA:232,9,0,18
BRDA:232,9,1,0
BRDA:249,10,0,0
BRDA:249,10,1,10
BRDA:252,11,0,9
BRDA:252,11,1,0
BRDA:252,12,0,9
BRDA:252,12,1,0
BRDA:260,13,0,4
BRDA:261,14,0,2
BRDA:261,14,1,3
BRDA:262,15,0,3
BRDA:262,15,1,0
BRDA:264,16,0,3
BRDA:264,16,1,2
BRDA:278,17,0,2
BRDA:278,17,1,1
BRDA:280,18,0,10
BRDA:280,18,1,0
BRDA:280,19,0,10
BRDA:280,19,1,10
BRF:39
BRH:28
end_of_record
TN:
SF:lib/storage.ts
FN:12,(anonymous_0)
FN:26,(anonymous_1)
FN:35,(anonymous_2)
FNF:3
FNH:3
FNDA:22,(anonymous_0)
FNDA:9,(anonymous_1)
FNDA:2,(anonymous_2)
DA:8,2
DA:10,2
DA:13,22
DA:14,22
DA:15,22
DA:16,11
DA:18,10
DA:20,1
DA:21,1
DA:27,9
DA:28,9
DA:30,0
DA:36,2
DA:37,2
DA:39,0
LF:15
LH:13
BRDA:15,0,0,11
BRDA:15,0,1,11
BRDA:18,1,0,10
BRDA:18,1,1,1
BRF:4
BRH:4
end_of_record
TN:
SF:lib/i18n/index.ts
FNF:0
FNH:0
DA:9,2
LF:1
LH:1
BRF:0
BRH:0
end_of_record
TN:
SF:lib/i18n/ko.ts
FN:71,(anonymous_0)
FN:72,(anonymous_1)
FN:102,(anonymous_2)
FNF:3
FNH:3
FNDA:1,(anonymous_0)
FNDA:1,(anonymous_1)
FNDA:1,(anonymous_2)
DA:6,2
DA:71,1
DA:72,1
DA:102,1
LF:4
LH:4
BRF:0
BRH:0
end_of_record
TN:
SF:utils/petFactory.ts
FN:119,(anonymous_0)
FN:124,(anonymous_1)
FN:129,(anonymous_2)
FN:134,(anonymous_3)
FN:140,(anonymous_4)
FN:147,(anonymous_5)
FNF:6
FNH:6
FNDA:3,(anonymous_0)
FNDA:2,(anonymous_1)
FNDA:1,(anonymous_2)
FNDA:2,(anonymous_3)
FNDA:4,(anonymous_4)
FNDA:1,(anonymous_5)
DA:12,1
DA:120,3
DA:125,2
DA:130,1
DA:135,2
DA:136,2
DA:141,4
DA:142,3
DA:143,3
DA:148,1
LF:10
LH:10
BRDA:141,0,0,1
BRDA:141,0,1,3
BRF:2
BRH:2
end_of_record
