TN:
SF:components/ErrorBoundary.tsx
FN:21,(anonymous_0)
FN:26,(anonymous_1)
FN:30,(anonymous_2)
FN:39,(anonymous_3)
FN:43,(anonymous_4)
FN:61,(anonymous_5)
FNF:6
FNH:5
FNDA:6,(anonymous_0)
FNDA:4,(anonymous_1)
FNDA:2,(anonymous_2)
FNDA:0,(anonymous_3)
FNDA:9,(anonymous_4)
FNDA:4,(anonymous_5)
DA:22,6
DA:23,5
DA:27,4
DA:33,2
DA:35,2
DA:39,5
DA:40,0
DA:44,9
DA:45,4
DA:61,4
DA:72,5
DA:76,1
LF:12
LH:11
BRDA:44,0,0,4
BRDA:44,0,1,5
BRDA:50,1,0,4
BRDA:50,1,1,2
BRDA:52,2,0,4
BRDA:52,2,1,4
BRDA:52,2,2,4
BRDA:63,3,0,4
BRDA:63,3,1,0
BRF:9
BRH:8
end_of_record
TN:
SF:lib/missions.ts
FN:167,getCustomMissions
FN:174,saveCustomMissions
FN:180,getPresetOverrides
FN:186,savePresetOverrides
FN:192,addCustomMission
FN:208,deleteCustomMission
FN:210,(anonymous_6)
FN:217,getAllMissions
FN:224,(anonymous_8)
FN:231,(anonymous_9)
FN:232,(anonymous_10)
FN:235,(anonymous_11)
FN:240,getAllMissionsIncludingInactive
FN:247,(anonymous_13)
FN:252,(anonymous_14)
FN:260,getMissionById
FN:264,(anonymous_16)
FN:264,(anonymous_17)
FN:268,groupMissionsByCategory
FNF:19
FNH:4
FNDA:0,getCustomMissions
FNDA:0,saveCustomMissions
FNDA:0,getPresetOverrides
FNDA:0,savePresetOverrides
FNDA:0,addCustomMission
FNDA:0,deleteCustomMission
FNDA:0,(anonymous_6)
FNDA:0,getAllMissions
FNDA:0,(anonymous_8)
FNDA:0,(anonymous_9)
FNDA:0,(anonymous_10)
FNDA:0,(anonymous_11)
FNDA:0,getAllMissionsIncludingInactive
FNDA:0,(anonymous_13)
FNDA:0,(anonymous_14)
FNDA:5,getMissionById
FNDA:21,(anonymous_16)
FNDA:1,(anonymous_17)
FNDA:3,groupMissionsByCategory
DA:11,1
DA:155,1
DA:164,1
DA:168,0
DA:170,0
DA:175,0
DA:176,0
DA:181,0
DA:182,0
DA:187,0
DA:188,0
DA:195,0
DA:196,0
DA:202,0
DA:203,0
DA:204,0
DA:209,0
DA:210,0
DA:211,0
DA:212,0
DA:213,0
DA:218,0
DA:219,0
DA:224,0
DA:225,0
DA:226,0
DA:228,0
DA:230,0
DA:231,0
DA:232,0
DA:234,0
DA:235,0
DA:241,0
DA:242,0
DA:247,0
DA:248,0
DA:249,0
DA:251,0
DA:252,0
DA:254,0
DA:255,0
DA:261,5
DA:262,3
DA:264,21
DA:271,3
DA:278,3
DA:279,3
DA:280,10
DA:281,10
DA:284,3
LF:50
LH:12
BRDA:170,0,0,0
BRDA:170,0,1,0
BRDA:175,1,0,0
BRDA:175,1,1,0
BRDA:182,2,0,0
BRDA:182,2,1,0
BRDA:182,3,0,0
BRDA:182,3,1,0
BRDA:187,4,0,0
BRDA:187,4,1,0
BRDA:187,5,0,0
BRDA:187,5,1,0
BRDA:211,6,0,0
BRDA:211,6,1,0
BRDA:226,7,0,0
BRDA:226,7,1,0
BRDA:232,8,0,0
BRDA:232,8,1,0
BRDA:232,9,0,0
BRDA:232,9,1,0
BRDA:249,10,0,0
BRDA:249,10,1,0
BRDA:252,11,0,0
BRDA:252,11,1,0
BRDA:252,12,0,0
BRDA:252,12,1,0
BRDA:260,13,0,4
BRDA:261,14,0,2
BRDA:261,14,1,3
BRDA:262,15,0,3
BRDA:262,15,1,0
BRDA:264,16,0,3
BRDA:264,16,1,2
BRDA:278,17,0,2
BRDA:278,17,1,1
BRDA:280,18,0,10
BRDA:280,18,1,0
BRDA:280,19,0,10
BRDA:280,19,1,10
BRF:39
BRH:11
end_of_record
TN:
SF:lib/storage.ts
FN:12,(anonymous_0)
FN:26,(anonymous_1)
FN:35,(anonymous_2)
FNF:3
FNH:0
FNDA:0,(anonymous_0)
FNDA:0,(anonymous_1)
FNDA:0,(anonymous_2)
DA:8,1
DA:10,1
DA:13,0
DA:14,0
DA:15,0
DA:16,0
DA:18,0
DA:20,0
DA:21,0
DA:27,0
DA:28,0
DA:30,0
DA:36,0
DA:37,0
DA:39,0
LF:15
LH:2
BRDA:15,0,0,0
BRDA:15,0,1,0
BRDA:18,1,0,0
BRDA:18,1,1,0
BRF:4
BRH:0
end_of_record
